<?xml version="1.0" encoding="UTF-8"?>
<!-- Generated by org.testng.reporters.JUnitReportReporter -->
<testsuite hostname="DESKTOP-8UG6GSG" failures="0" tests="1" name="testcases.VerifyLogin" time="6.832" errors="0" timestamp="2024-09-07T20:35:56 IST" skipped="0">
  <testcase classname="testcases.VerifyLogin" name="verifyLogin" time="6.832"/>
</testsuite> <!-- testcases.VerifyLogin -->
