<?xml version="1.0" encoding="UTF-8"?>
<!-- Generated by org.testng.reporters.JUnitReportReporter -->
<testsuite hostname="DESKTOP-8UG6GSG" failures="0" tests="1" name="testcases.VerifyRegistretionByUsingExcel" time="15.507" errors="0" timestamp="2024-09-11T21:58:42 IST" skipped="0">
  <testcase classname="testcases.VerifyRegistretionByUsingExcel" name="verifyLogin" time="15.507"/>
</testsuite> <!-- testcases.VerifyRegistretionByUsingExcel -->
